Arguments: 
  D:\开发工具\node\node.exe D:\开发工具\bin\yarn.js

PATH: 
  C:\Users\林\bin;D:\git\Git\mingw64\bin;D:\git\Git\usr\local\bin;D:\git\Git\usr\bin;D:\git\Git\usr\bin;D:\git\Git\mingw64\bin;D:\git\Git\usr\bin;C:\Users\林\bin;C:\ProgramData\Oracle\Java\javapath;C:\WINDOWS\system32;C:\WINDOWS;C:\WINDOWS\System32\Wbem;C:\WINDOWS\System32\WindowsPowerShell\v1.0;D:\开发工具\mysql\bin;D:\;发工具\bin;D:\;bin;D:\开发工具\node;ava;jdk-9.0.1\bin;D:\开发工具\git\Git\cmd;D:\;in;D:\mysql\bin;C:\Program Files\MySQL\MySQL Server 5.5\bin;C:\Program Files (x86)\NVIDIA Corporation\PhysX\Common;D:\git\Git\cmd;D:\开发工具\bin;D:\开发工具\Ruby24-x64\bin;C:\Users\林\AppData\Local\Microsoft\WindowsApps;D:\开发工具\Microsoft VS Code\bin;C:\Users\林\AppData\Roaming\npm;D:\开发工具\Fiddler;C:\Users\林\AppData\Local\Yarn\bin;D:\git\Git\usr\bin\vendor_perl;D:\git\Git\usr\bin\core_perl

Yarn version: 
  1.5.1

Node version: 
  8.9.1

Platform: 
  win32 x64

npm manifest: 
  {
    "name": "yilia",
    "version": "4.0.0",
    "description": "a theme for hexo",
    "scripts": {
      "test": "echo \"Error: no test specified\" && exit 1",
      "dev": "webpack",
      "dist": "webpack -p"
    },
    "repository": {
      "type": "git",
      "url": "git+https://github.com/litten/hexo-theme-yilia.git"
    },
    "keywords": [
      "hexo",
      "theme",
      "blog"
    ],
    "author": "litten",
    "license": "ISC",
    "bugs": {
      "url": "https://github.com/litten/hexo-theme-yilia/issues"
    },
    "homepage": "https://github.com/litten/hexo-theme-yilia#readme",
    "devDependencies": {
      "autoprefixer": "^6.5.1",
      "clean-webpack-plugin": "^0.1.15",
      "cross-env": "^1.0.6",
      "css-loader": "^0.25.0",
      "dom101": "^1.3.0",
      "extract-text-webpack-plugin": "^1.0.1",
      "html-webpack-plugin": "^2.24.1",
      "node-sass": "^3.9.3",
      "postcss-loader": "^1.0.0",
      "sass-loader": "^4.0.2",
      "style-loader": "^0.13.1",
      "url-loader": "^0.5.7",
      "webpack": "^1.13.2"
    },
    "dependencies": {
      "babel-core": "6.24.0",
      "babel-loader": "6.4.0",
      "babel-plugin-transform-runtime": "6.23.0",
      "babel-polyfill": "^6.23.0",
      "babel-preset-es2015": "6.24.0",
      "babel-preset-react": "6.23.0",
      "babel-preset-stage-2": "6.22.0",
      "badjs-report": "^1.2.2",
      "es6-promise": "^4.0.5",
      "fetch": "^1.1.0",
      "fetch-ie8": "^1.4.3",
      "file-loader": "^0.9.0",
      "js-cookie": "^2.1.3",
      "photoswipe": "^4.1.1"
    },
    "config": {
      "commitizen": {
        "path": "cz-simple-log"
      }
    }
  }

yarn manifest: 
  No manifest

Lockfile: 
  No lockfile

Trace: 
  Error: E:\个人博客\Hexo\themes\myYilia\node_modules\node-sass: Command failed.
  Exit code: 1
  Command: C:\WINDOWS\system32\cmd.exe
  Arguments: /d /s /c node scripts/build.js
  Directory: E:\个人博客\Hexo\themes\myYilia\node_modules\node-sass
  Output:
  Building: D:\开发工具\node\node.exe E:\个人博客\Hexo\themes\myYilia\node_modules\node-gyp\bin\node-gyp.js rebuild --verbose --libsass_ext= --libsass_cflags= --libsass_ldflags= --libsass_library=
  gyp info it worked if it ends with ok
  gyp verb cli [ 'D:\\开发工具\\node\\node.exe',
  gyp verb cli   'E:\\个人博客\\Hexo\\themes\\myYilia\\node_modules\\node-gyp\\bin\\node-gyp.js',
  gyp verb cli   'rebuild',
  gyp verb cli   '--verbose',
  gyp verb cli   '--libsass_ext=',
  gyp verb cli   '--libsass_cflags=',
  gyp verb cli   '--libsass_ldflags=',
  gyp verb cli   '--libsass_library=' ]
  gyp info using node-gyp@3.6.2
  gyp info using node@8.9.1 | win32 | x64
  gyp verb command rebuild []
  gyp verb command clean []
  gyp verb clean removing "build" directory
  gyp verb command configure []
  gyp verb check python checking for Python executable "python2" in the PATH
  gyp verb `which` failed Error: not found: python2
  gyp verb `which` failed     at getNotFoundError (E:\个人博客\Hexo\themes\myYilia\node_modules\which\which.js:13:12)
  gyp verb `which` failed     at F (E:\个人博客\Hexo\themes\myYilia\node_modules\which\which.js:68:19)
  gyp verb `which` failed     at E (E:\个人博客\Hexo\themes\myYilia\node_modules\which\which.js:80:29)
  gyp verb `which` failed     at E:\个人博客\Hexo\themes\myYilia\node_modules\which\which.js:89:16
  gyp verb `which` failed     at E:\个人博客\Hexo\themes\myYilia\node_modules\isexe\index.js:42:5
  gyp verb `which` failed     at E:\个人博客\Hexo\themes\myYilia\node_modules\isexe\windows.js:36:5
  gyp verb `which` failed     at FSReqWrap.oncomplete (fs.js:152:21)
  gyp verb `which` failed  python2 { Error: not found: python2
  gyp verb `which` failed     at getNotFoundError (E:\个人博客\Hexo\themes\myYilia\node_modules\which\which.js:13:12)
  gyp verb `which` failed     at F (E:\个人博客\Hexo\themes\myYilia\node_modules\which\which.js:68:19)
  gyp verb `which` failed     at E (E:\个人博客\Hexo\themes\myYilia\node_modules\which\which.js:80:29)
  gyp verb `which` failed     at E:\个人博客\Hexo\themes\myYilia\node_modules\which\which.js:89:16
  gyp verb `which` failed     at E:\个人博客\Hexo\themes\myYilia\node_modules\isexe\index.js:42:5
  gyp verb `which` failed     at E:\个人博客\Hexo\themes\myYilia\node_modules\isexe\windows.js:36:5
  gyp verb `which` failed     at FSReqWrap.oncomplete (fs.js:152:21)
  gyp verb `which` failed   stack: 'Error: not found: python2\n    at getNotFoundError (E:\\个人博客\\Hexo\\themes\\myYilia\\node_modules\\which\\which.js:13:12)\n    at F (E:\\个人博客\\Hexo\\themes\\myYilia\\node_modules\\which\\which.js:68:19)\n    at E (E:\\个人博客\\Hexo\\themes\\myYilia\\node_modules\\which\\which.js:80:29)\n    at E:\\个人博客\\Hexo\\themes\\myYilia\\node_modules\\which\\which.js:89:16\n    at E:\\个人博客\\Hexo\\themes\\myYilia\\node_modules\\isexe\\index.js:42:5\n    at E:\\个人博客\\Hexo\\themes\\myYilia\\node_modules\\isexe\\windows.js:36:5\n    at FSReqWrap.oncomplete (fs.js:152:21)',
  gyp verb `which` failed   code: 'ENOENT' }
  gyp verb check python checking for Python executable "python" in the PATH
  gyp verb `which` failed Error: not found: python
  gyp verb `which` failed     at getNotFoundError (E:\个人博客\Hexo\themes\myYilia\node_modules\which\which.js:13:12)
  gyp verb `which` failed     at F (E:\个人博客\Hexo\themes\myYilia\node_modules\which\which.js:68:19)
  gyp verb `which` failed     at E (E:\个人博客\Hexo\themes\myYilia\node_modules\which\which.js:80:29)
  gyp verb `which` failed     at E:\个人博客\Hexo\themes\myYilia\node_modules\which\which.js:89:16
  gyp verb `which` failed     at E:\个人博客\Hexo\themes\myYilia\node_modules\isexe\index.js:42:5
  gyp verb `which` failed     at E:\个人博客\Hexo\themes\myYilia\node_modules\isexe\windows.js:36:5
  gyp verb `which` failed     at FSReqWrap.oncomplete (fs.js:152:21)
  gyp verb `which` failed  python { Error: not found: python
  gyp verb `which` failed     at getNotFoundError (E:\个人博客\Hexo\themes\myYilia\node_modules\which\which.js:13:12)
  gyp verb `which` failed     at F (E:\个人博客\Hexo\themes\myYilia\node_modules\which\which.js:68:19)
  gyp verb `which` failed     at E (E:\个人博客\Hexo\themes\myYilia\node_modules\which\which.js:80:29)
  gyp verb `which` failed     at E:\个人博客\Hexo\themes\myYilia\node_modules\which\which.js:89:16
  gyp verb `which` failed     at E:\个人博客\Hexo\themes\myYilia\node_modules\isexe\index.js:42:5
  gyp verb `which` failed     at E:\个人博客\Hexo\themes\myYilia\node_modules\isexe\windows.js:36:5
  gyp verb `which` failed     at FSReqWrap.oncomplete (fs.js:152:21)
  gyp verb `which` failed   stack: 'Error: not found: python\n    at getNotFoundError (E:\\个人博客\\Hexo\\themes\\myYilia\\node_modules\\which\\which.js:13:12)\n    at F (E:\\个人博客\\Hexo\\themes\\myYilia\\node_modules\\which\\which.js:68:19)\n    at E (E:\\个人博客\\Hexo\\themes\\myYilia\\node_modules\\which\\which.js:80:29)\n    at E:\\个人博客\\Hexo\\themes\\myYilia\\node_modules\\which\\which.js:89:16\n    at E:\\个人博客\\Hexo\\themes\\myYilia\\node_modules\\isexe\\index.js:42:5\n    at E:\\个人博客\\Hexo\\themes\\myYilia\\node_modules\\isexe\\windows.js:36:5\n    at FSReqWrap.oncomplete (fs.js:152:21)',
  gyp verb `which` failed   code: 'ENOENT' }
  gyp verb could not find "python". checking python launcher 
  gyp verb could not find "python". guessing location 
  gyp verb ensuring that file exists: C:\Python27\python.exe
  gyp ERR! configure error 
  gyp ERR! stack Error: Can't find Python executable "python", you can set the PYTHON env variable.
  gyp ERR! stack     at PythonFinder.failNoPython (E:\个人博客\Hexo\themes\myYilia\node_modules\node-gyp\lib\configure.js:483:19)
  gyp ERR! stack     at PythonFinder.<anonymous> (E:\个人博客\Hexo\themes\myYilia\node_modules\node-gyp\lib\configure.js:508:16)
  gyp ERR! stack     at E:\个人博客\Hexo\themes\myYilia\node_modules\graceful-fs\polyfills.js:284:29
  gyp ERR! stack     at FSReqWrap.oncomplete (fs.js:152:21)
  gyp ERR! System Windows_NT 10.0.16299
  gyp ERR! command "D:\\开发工具\\node\\node.exe" "E:\\个人博客\\Hexo\\themes\\myYilia\\node_modules\\node-gyp\\bin\\node-gyp.js" "rebuild" "--verbose" "--libsass_ext=" "--libsass_cflags=" "--libsass_ldflags=" "--libsass_library="
  gyp ERR! cwd E:\个人博客\Hexo\themes\myYilia\node_modules\node-sass
  gyp ERR! node -v v8.9.1
  gyp ERR! node-gyp -v v3.6.2
  gyp ERR! not ok 
  Build failed with error code: 1
      at ProcessTermError.MessageError (D:\开发工具\lib\cli.js:186:110)
      at new ProcessTermError (D:\开发工具\lib\cli.js:226:113)
      at ChildProcess.<anonymous> (D:\开发工具\lib\cli.js:30281:17)
      at emitTwo (events.js:126:13)
      at ChildProcess.emit (events.js:214:7)
      at maybeClose (internal/child_process.js:925:16)
      at Process.ChildProcess._handle.onexit (internal/child_process.js:209:5)
